<?xml version="1.0" encoding="UTF-8"?>
<!-- Generated by org.testng.reporters.JUnitReportReporter -->
<testsuite hostname="5CG62365L3" name="com.ctli.it.testcases.NaukriTestCase1" tests="1" failures="0" timestamp="28 Aug 2017 11:00:18 GMT" time="132.588" errors="0">
  <testcase name="test" time="132.588" classname="com.ctli.it.testcases.NaukriTestCase1"/>
</testsuite> <!-- com.ctli.it.testcases.NaukriTestCase1 -->
