<?xml version="1.0" encoding="UTF-8"?>
<!-- Generated by org.testng.reporters.JUnitReportReporter -->
<testsuite hostname="5CG62365L3" name="com.ctli.it.soap.CelsiusToFahrenheit" tests="1" failures="0" timestamp="28 Aug 2017 05:16:35 GMT" time="5.053" errors="0">
  <testcase name="CelsiusToFahrenheit" time="5.053" classname="com.ctli.it.soap.CelsiusToFahrenheit"/>
</testsuite> <!-- com.ctli.it.soap.CelsiusToFahrenheit -->
